2026-03-05 16:14:05,959 - INFO - LOGIN ATTEMPT: patient@neuro.com
2026-03-05 16:14:05,974 - INFO - LOGIN SUCCESS: patient@neuro.com
2026-03-05 16:17:20,665 - INFO - LOGIN ATTEMPT: family@neuro.com
2026-03-05 16:17:20,674 - INFO - LOGIN SUCCESS: family@neuro.com
2026-03-05 16:19:02,958 - INFO - LOGIN ATTEMPT: patient@neuro.com
2026-03-05 16:19:02,958 - INFO - LOGIN SUCCESS: patient@neuro.com
2026-03-05 16:23:35,208 - INFO - LOGIN ATTEMPT: patient@neuro.com
2026-03-05 16:23:35,251 - INFO - LOGIN SUCCESS: patient@neuro.com
2026-03-05 16:29:03,974 - INFO - LOGIN ATTEMPT: patient@neuro.com
2026-03-05 16:29:04,010 - INFO - LOGIN SUCCESS: patient@neuro.com
2026-03-05 16:37:29,835 - INFO - LOGIN ATTEMPT: patient@neuro.com
2026-03-05 16:37:29,841 - INFO - LOGIN SUCCESS: patient@neuro.com
2026-03-05 16:51:08,645 - INFO - LOGIN ATTEMPT: patient@neuro.com
2026-03-05 16:51:08,814 - WARNING - LOGIN FAILED: Password mismatch for patient@neuro.com. Expected: pas..., Got: pas...
2026-03-05 16:51:14,829 - INFO - LOGIN ATTEMPT: patient@neuro.com
2026-03-05 16:51:14,829 - INFO - LOGIN SUCCESS: patient@neuro.com
2026-03-05 16:59:34,292 - INFO - LOGIN ATTEMPT: patient@neuro.com
2026-03-05 16:59:34,297 - INFO - LOGIN SUCCESS: patient@neuro.com
2026-03-05 17:13:35,104 - INFO - LOGIN ATTEMPT: patient@neuro.com
2026-03-05 17:13:35,108 - INFO - LOGIN SUCCESS: patient@neuro.com
2026-03-05 17:31:14,817 - INFO - LOGIN ATTEMPT: patient@neuro.com
2026-03-05 17:31:14,821 - INFO - LOGIN SUCCESS: patient@neuro.com
2026-03-08 11:13:51,978 - INFO - LOGIN ATTEMPT: family@neuro.com
2026-03-08 11:13:52,013 - INFO - LOGIN SUCCESS: family@neuro.com
2026-03-08 11:15:46,983 - INFO - LOGIN ATTEMPT: family@neuro.com
2026-03-08 11:15:46,986 - INFO - LOGIN SUCCESS: family@neuro.com
2026-03-08 11:17:49,120 - INFO - LOGIN ATTEMPT: family@neuro.com
2026-03-08 11:17:49,130 - INFO - LOGIN SUCCESS: family@neuro.com
2026-03-08 11:18:43,882 - INFO - LOGIN ATTEMPT: patient@neuro.com
2026-03-08 11:18:43,886 - INFO - LOGIN SUCCESS: patient@neuro.com
2026-03-08 11:21:18,189 - INFO - LOGIN ATTEMPT: family@neuro.com
2026-03-08 11:21:18,194 - INFO - LOGIN SUCCESS: family@neuro.com
2026-03-08 11:22:01,324 - INFO - LOGIN ATTEMPT: patient@neuro.com
2026-03-08 11:22:01,326 - INFO - LOGIN SUCCESS: patient@neuro.com
